Audino -> 58
Bergmite -> 67
Bisharp -> 21
Bonsly -> 11
Bounsweet -> 50
Bronzong -> 60
Carbink -> 33
Carvanha -> 16
Caterpie -> 54
Chinchou -> 62
Cleffa -> 12
Crawdaunt -> 39
Cutiefly -> 36
Cutiefly -> 66
Doublade -> 28
Elgyem -> 34
Fearow -> 51
Feebas -> 47
Ferroseed -> 5
Fomantis -> 27
Gible -> 68
Gloom -> 24
Goodra -> 19
Grovyle -> 41
Hoppip -> 45
Jigglypuff -> 55
Krokorok -> 14
Ledian -> 53
Ledyba -> 63
Lotad -> 35
Luxray -> 23
Machamp -> 40
Magnezone -> 7
Meditite -> 42
Mew -> 2
Morelull -> 37
Nidoran♂ -> 31
Pansage -> 9
Paras -> 17
Petilil -> 64
Petilil -> 48
Pichu -> 59
Pidove -> 22
Pineco -> 26
Poliwag -> 13
Poochyena -> 56
Remoraid -> 15
Reuniclus -> 8
Sandygast -> 38
Sentret -> 49
Shuckle -> 10
Skarmory -> 6
Skiddo -> 57
Slugma -> 52
Spearow -> 65
Spoink -> 46
Staryu -> 3
Sunkern -> 43
Togepi -> 44
Torracat -> 1
Trapinch -> 61
Trubbish -> 25
Tympole -> 20
Venipede -> 30
Vigoroth -> 32
Vulpix -> 18
Watchog -> 29
Weedle -> 4